<?xml version="1.0" encoding="UTF-8"?>
<!-- Generated by org.testng.reporters.JUnitReportReporter -->
<testsuite skipped="0" hostname="2015080004-3WVP" name="findid_PC.findid_PC.AppTest" tests="1" failures="0" timestamp="07 3ì›” 2019 03:24:36 GMT" time="28.004" errors="0">
  <testcase name="findID" time="28.004" classname="findid_PC.findid_PC.AppTest"/>
</testsuite> <!-- findid_PC.findid_PC.AppTest -->
